src/android_companion/app/build/intermediates/manifest_merge_blame_file/debug/manifest-merger-blame-debug-report.txt
1<?xml version="1.0" encoding="utf-8"?>
2<manifest xmlns:android="http://schemas.android.com/apk/res/android"
3    package="com.androiddex.companion"
4    android:versionCode="1"
5    android:versionName="1.0.0" >
6
7    <uses-sdk
8        android:minSdkVersion="26"
9        android:targetSdkVersion="34" />
10
11    <!-- System & Network Permissions -->
12    <uses-permission android:name="android.permission.INTERNET" />
12-->src/main/AndroidManifest.xml:7:5-67
12-->src/main/AndroidManifest.xml:7:22-64
13    <uses-permission android:name="android.permission.ACCESS_NETWORK_STATE" />
13-->src/main/AndroidManifest.xml:8:5-79
13-->src/main/AndroidManifest.xml:8:22-76
14    <uses-permission android:name="android.permission.ACCESS_WIFI_STATE" />
14-->src/main/AndroidManifest.xml:9:5-76
14-->src/main/AndroidManifest.xml:9:22-73
15    <uses-permission android:name="android.permission.FOREGROUND_SERVICE" />
15-->src/main/AndroidManifest.xml:10:5-77
15-->src/main/AndroidManifest.xml:10:22-74
16    <uses-permission android:name="android.permission.FOREGROUND_SERVICE_CONNECTED_DEVICE" />
16-->src/main/AndroidManifest.xml:11:5-94
16-->src/main/AndroidManifest.xml:11:22-91
17    <uses-permission android:name="android.permission.POST_NOTIFICATIONS" />
17-->src/main/AndroidManifest.xml:12:5-77
17-->src/main/AndroidManifest.xml:12:22-74
18    <uses-permission android:name="android.permission.WAKE_LOCK" />
18-->src/main/AndroidManifest.xml:13:5-68
18-->src/main/AndroidManifest.xml:13:22-65
19
20    <!-- Bluetooth Permissions -->
21    <uses-permission
21-->src/main/AndroidManifest.xml:16:5-95
22        android:name="android.permission.BLUETOOTH"
22-->src/main/AndroidManifest.xml:16:22-65
23        android:maxSdkVersion="30" />
23-->src/main/AndroidManifest.xml:16:66-92
24    <uses-permission
24-->src/main/AndroidManifest.xml:17:5-101
25        android:name="android.permission.BLUETOOTH_ADMIN"
25-->src/main/AndroidManifest.xml:17:22-71
26        android:maxSdkVersion="30" />
26-->src/main/AndroidManifest.xml:17:72-98
27    <uses-permission android:name="android.permission.BLUETOOTH_CONNECT" />
27-->src/main/AndroidManifest.xml:18:5-76
27-->src/main/AndroidManifest.xml:18:22-73
28    <uses-permission android:name="android.permission.BLUETOOTH_SCAN" />
28-->src/main/AndroidManifest.xml:19:5-94
28-->src/main/AndroidManifest.xml:19:22-70
29
30    <!-- Content & Telemetry Permissions -->
31    <uses-permission android:name="android.permission.READ_CONTACTS" />
31-->src/main/AndroidManifest.xml:22:5-72
31-->src/main/AndroidManifest.xml:22:22-69
32    <uses-permission android:name="android.permission.WRITE_CONTACTS" />
32-->src/main/AndroidManifest.xml:23:5-73
32-->src/main/AndroidManifest.xml:23:22-70
33    <uses-permission android:name="android.permission.READ_CALL_LOG" />
33-->src/main/AndroidManifest.xml:24:5-72
33-->src/main/AndroidManifest.xml:24:22-69
34    <uses-permission android:name="android.permission.READ_PHONE_STATE" />
34-->src/main/AndroidManifest.xml:25:5-75
34-->src/main/AndroidManifest.xml:25:22-72
35    <uses-permission android:name="android.permission.CALL_PHONE" />
35-->src/main/AndroidManifest.xml:26:5-69
35-->src/main/AndroidManifest.xml:26:22-66
36    <uses-permission android:name="android.permission.READ_SMS" />
36-->src/main/AndroidManifest.xml:27:5-67
36-->src/main/AndroidManifest.xml:27:22-64
37    <uses-permission android:name="android.permission.SEND_SMS" />
37-->src/main/AndroidManifest.xml:28:5-67
37-->src/main/AndroidManifest.xml:28:22-64
38    <uses-permission android:name="android.permission.QUERY_ALL_PACKAGES" />
38-->src/main/AndroidManifest.xml:29:5-119
38-->src/main/AndroidManifest.xml:29:22-74
39    <uses-permission
39-->src/main/AndroidManifest.xml:30:5-107
40        android:name="android.permission.READ_EXTERNAL_STORAGE"
40-->src/main/AndroidManifest.xml:30:22-77
41        android:maxSdkVersion="32" />
41-->src/main/AndroidManifest.xml:30:78-104
42    <uses-permission android:name="android.permission.READ_MEDIA_IMAGES" />
42-->src/main/AndroidManifest.xml:31:5-76
42-->src/main/AndroidManifest.xml:31:22-73
43    <uses-permission android:name="android.permission.READ_MEDIA_AUDIO" />
43-->src/main/AndroidManifest.xml:32:5-75
43-->src/main/AndroidManifest.xml:32:22-72
44    <uses-permission android:name="android.permission.ANSWER_PHONE_CALLS" />
44-->src/main/AndroidManifest.xml:33:5-77
44-->src/main/AndroidManifest.xml:33:22-74
45
46    <permission
46-->[androidx.core:core:1.12.0] AndroidManifest.xml:22:5-24:47
47        android:name="com.androiddex.companion.DYNAMIC_RECEIVER_NOT_EXPORTED_PERMISSION"
47-->[androidx.core:core:1.12.0] AndroidManifest.xml:23:9-81
48        android:protectionLevel="signature" />
48-->[androidx.core:core:1.12.0] AndroidManifest.xml:24:9-44
49
50    <uses-permission android:name="com.androiddex.companion.DYNAMIC_RECEIVER_NOT_EXPORTED_PERMISSION" />
50-->[androidx.core:core:1.12.0] AndroidManifest.xml:26:5-97
50-->[androidx.core:core:1.12.0] AndroidManifest.xml:26:22-94
51
52    <application
52-->src/main/AndroidManifest.xml:35:5-79:19
53        android:allowBackup="true"
53-->src/main/AndroidManifest.xml:36:9-35
54        android:appComponentFactory="androidx.core.app.CoreComponentFactory"
54-->[androidx.core:core:1.12.0] AndroidManifest.xml:28:18-86
55        android:debuggable="true"
56        android:extractNativeLibs="false"
57        android:icon="@mipmap/ic_launcher"
57-->src/main/AndroidManifest.xml:37:9-43
58        android:label="Android Dex Companion"
58-->src/main/AndroidManifest.xml:39:9-46
59        android:roundIcon="@mipmap/ic_launcher_round"
59-->src/main/AndroidManifest.xml:38:9-54
60        android:supportsRtl="true"
60-->src/main/AndroidManifest.xml:40:9-35
61        android:theme="@style/Theme.Material3.DayNight.NoActionBar" >
61-->src/main/AndroidManifest.xml:41:9-68
62        <activity
62-->src/main/AndroidManifest.xml:43:9-50:20
63            android:name="com.androiddex.companion.MainActivity"
63-->src/main/AndroidManifest.xml:44:13-41
64            android:exported="true" >
64-->src/main/AndroidManifest.xml:45:13-36
65            <intent-filter>
65-->src/main/AndroidManifest.xml:46:13-49:29
66                <action android:name="android.intent.action.MAIN" />
66-->src/main/AndroidManifest.xml:47:17-69
66-->src/main/AndroidManifest.xml:47:25-66
67
68                <category android:name="android.intent.category.LAUNCHER" />
68-->src/main/AndroidManifest.xml:48:17-77
68-->src/main/AndroidManifest.xml:48:27-74
69            </intent-filter>
70        </activity>
71
72        <!-- Foreground Companion Telemetry Service -->
73        <service
73-->src/main/AndroidManifest.xml:53:9-57:63
74            android:name="com.androiddex.companion.server.CompanionServerService"
74-->src/main/AndroidManifest.xml:54:13-58
75            android:enabled="true"
75-->src/main/AndroidManifest.xml:55:13-35
76            android:exported="false"
76-->src/main/AndroidManifest.xml:56:13-37
77            android:foregroundServiceType="connectedDevice" />
77-->src/main/AndroidManifest.xml:57:13-60
78
79        <!-- Notification Listener Service -->
80        <service
80-->src/main/AndroidManifest.xml:60:9-68:19
81            android:name="com.androiddex.companion.service.DexNotificationListenerService"
81-->src/main/AndroidManifest.xml:61:13-67
82            android:exported="true"
82-->src/main/AndroidManifest.xml:62:13-36
83            android:label="Android Dex Notification Bridge"
83-->src/main/AndroidManifest.xml:63:13-60
84            android:permission="android.permission.BIND_NOTIFICATION_LISTENER_SERVICE" >
84-->src/main/AndroidManifest.xml:64:13-87
85            <intent-filter>
85-->src/main/AndroidManifest.xml:65:13-67:29
86                <action android:name="android.service.notification.NotificationListenerService" />
86-->src/main/AndroidManifest.xml:66:17-99
86-->src/main/AndroidManifest.xml:66:25-96
87            </intent-filter>
88        </service>
89
90        <!-- Telephony Call State Receiver -->
91        <receiver
91-->src/main/AndroidManifest.xml:71:9-77:20
92            android:name="com.androiddex.companion.service.CallStateReceiver"
92-->src/main/AndroidManifest.xml:72:13-54
93            android:exported="true" >
93-->src/main/AndroidManifest.xml:73:13-36
94            <intent-filter>
94-->src/main/AndroidManifest.xml:74:13-76:29
95                <action android:name="android.intent.action.PHONE_STATE" />
95-->src/main/AndroidManifest.xml:75:17-76
95-->src/main/AndroidManifest.xml:75:25-73
96            </intent-filter>
97        </receiver>
98
99        <provider
99-->[androidx.emoji2:emoji2:1.2.0] AndroidManifest.xml:24:9-32:20
100            android:name="androidx.startup.InitializationProvider"
100-->[androidx.emoji2:emoji2:1.2.0] AndroidManifest.xml:25:13-67
101            android:authorities="com.androiddex.companion.androidx-startup"
101-->[androidx.emoji2:emoji2:1.2.0] AndroidManifest.xml:26:13-68
102            android:exported="false" >
102-->[androidx.emoji2:emoji2:1.2.0] AndroidManifest.xml:27:13-37
103            <meta-data
103-->[androidx.emoji2:emoji2:1.2.0] AndroidManifest.xml:29:13-31:52
104                android:name="androidx.emoji2.text.EmojiCompatInitializer"
104-->[androidx.emoji2:emoji2:1.2.0] AndroidManifest.xml:30:17-75
105                android:value="androidx.startup" />
105-->[androidx.emoji2:emoji2:1.2.0] AndroidManifest.xml:31:17-49
106            <meta-data
106-->[androidx.lifecycle:lifecycle-process:2.7.0] AndroidManifest.xml:29:13-31:52
107                android:name="androidx.lifecycle.ProcessLifecycleInitializer"
107-->[androidx.lifecycle:lifecycle-process:2.7.0] AndroidManifest.xml:30:17-78
108                android:value="androidx.startup" />
108-->[androidx.lifecycle:lifecycle-process:2.7.0] AndroidManifest.xml:31:17-49
109            <meta-data
109-->[androidx.profileinstaller:profileinstaller:1.3.0] AndroidManifest.xml:29:13-31:52
110                android:name="androidx.profileinstaller.ProfileInstallerInitializer"
110-->[androidx.profileinstaller:profileinstaller:1.3.0] AndroidManifest.xml:30:17-85
111                android:value="androidx.startup" />
111-->[androidx.profileinstaller:profileinstaller:1.3.0] AndroidManifest.xml:31:17-49
112        </provider>
113
114        <receiver
114-->[androidx.profileinstaller:profileinstaller:1.3.0] AndroidManifest.xml:34:9-52:20
115            android:name="androidx.profileinstaller.ProfileInstallReceiver"
115-->[androidx.profileinstaller:profileinstaller:1.3.0] AndroidManifest.xml:35:13-76
116            android:directBootAware="false"
116-->[androidx.profileinstaller:profileinstaller:1.3.0] AndroidManifest.xml:36:13-44
117            android:enabled="true"
117-->[androidx.profileinstaller:profileinstaller:1.3.0] AndroidManifest.xml:37:13-35
118            android:exported="true"
118-->[androidx.profileinstaller:profileinstaller:1.3.0] AndroidManifest.xml:38:13-36
119            android:permission="android.permission.DUMP" >
119-->[androidx.profileinstaller:profileinstaller:1.3.0] AndroidManifest.xml:39:13-57
120            <intent-filter>
120-->[androidx.profileinstaller:profileinstaller:1.3.0] AndroidManifest.xml:40:13-42:29
121                <action android:name="androidx.profileinstaller.action.INSTALL_PROFILE" />
121-->[androidx.profileinstaller:profileinstaller:1.3.0] AndroidManifest.xml:41:17-91
121-->[androidx.profileinstaller:profileinstaller:1.3.0] AndroidManifest.xml:41:25-88
122            </intent-filter>
123            <intent-filter>
123-->[androidx.profileinstaller:profileinstaller:1.3.0] AndroidManifest.xml:43:13-45:29
124                <action android:name="androidx.profileinstaller.action.SKIP_FILE" />
124-->[androidx.profileinstaller:profileinstaller:1.3.0] AndroidManifest.xml:44:17-85
124-->[androidx.profileinstaller:profileinstaller:1.3.0] AndroidManifest.xml:44:25-82
125            </intent-filter>
126            <intent-filter>
126-->[androidx.profileinstaller:profileinstaller:1.3.0] AndroidManifest.xml:46:13-48:29
127                <action android:name="androidx.profileinstaller.action.SAVE_PROFILE" />
127-->[androidx.profileinstaller:profileinstaller:1.3.0] AndroidManifest.xml:47:17-88
127-->[androidx.profileinstaller:profileinstaller:1.3.0] AndroidManifest.xml:47:25-85
128            </intent-filter>
129            <intent-filter>
129-->[androidx.profileinstaller:profileinstaller:1.3.0] AndroidManifest.xml:49:13-51:29
130                <action android:name="androidx.profileinstaller.action.BENCHMARK_OPERATION" />
130-->[androidx.profileinstaller:profileinstaller:1.3.0] AndroidManifest.xml:50:17-95
130-->[androidx.profileinstaller:profileinstaller:1.3.0] AndroidManifest.xml:50:25-92
131            </intent-filter>
132        </receiver>
133    </application>
134
135</manifest>